<?xml version="1.0" encoding="UTF-8"?>
<coverage generated="1637250946265" clover="3.2.0">
  <project timestamp="1637250946266" name="All files">
    <metrics statements="93" coveredstatements="76" conditionals="29" coveredconditionals="18" methods="27" coveredmethods="23" elements="149" coveredelements="117" complexity="0" loc="93" ncloc="93" packages="7" files="11" classes="11"/>
    <package name="src">
      <metrics statements="8" coveredstatements="4" conditionals="0" coveredconditionals="0" methods="6" coveredmethods="2"/>
      <file name="enums.ts" path="C:\Nodejs\LogParser\src\enums.ts">
        <metrics statements="0" coveredstatements="0" conditionals="0" coveredconditionals="0" methods="0" coveredmethods="0"/>
      </file>
      <file name="exeptions.ts" path="C:\Nodejs\LogParser\src\exeptions.ts">
        <metrics statements="8" coveredstatements="4" conditionals="0" coveredconditionals="0" methods="6" coveredmethods="2"/>
        <line num="5" count="1" type="stmt"/>
        <line num="6" count="1" type="stmt"/>
        <line num="7" count="1" type="stmt"/>
        <line num="12" count="1" type="stmt"/>
        <line num="18" count="0" type="stmt"/>
        <line num="24" count="0" type="stmt"/>
        <line num="30" count="0" type="stmt"/>
        <line num="36" count="0" type="stmt"/>
      </file>
    </package>
    <package name="src.domains">
      <metrics statements="6" coveredstatements="6" conditionals="2" coveredconditionals="2" methods="3" coveredmethods="3"/>
      <file name="handler.ts" path="C:\Nodejs\LogParser\src\domains\handler.ts">
        <metrics statements="6" coveredstatements="6" conditionals="2" coveredconditionals="2" methods="3" coveredmethods="3"/>
        <line num="14" count="14" type="stmt"/>
        <line num="18" count="6" type="stmt"/>
        <line num="19" count="6" type="stmt"/>
        <line num="23" count="11" type="cond" truecount="2" falsecount="0"/>
        <line num="24" count="6" type="stmt"/>
        <line num="26" count="5" type="stmt"/>
      </file>
    </package>
    <package name="src.domains.handlers">
      <metrics statements="24" coveredstatements="19" conditionals="6" coveredconditionals="3" methods="3" coveredmethods="3"/>
      <file name="logFormatHnadler.ts" path="C:\Nodejs\LogParser\src\domains\handlers\logFormatHnadler.ts">
        <metrics statements="24" coveredstatements="19" conditionals="6" coveredconditionals="3" methods="3" coveredmethods="3"/>
        <line num="2" count="2" type="stmt"/>
        <line num="9" count="6" type="stmt"/>
        <line num="11" count="6" type="stmt"/>
        <line num="12" count="4" type="cond" truecount="1" falsecount="1"/>
        <line num="13" count="4" type="stmt"/>
        <line num="15" count="4" type="stmt"/>
        <line num="17" count="4" type="stmt"/>
        <line num="18" count="4" type="stmt"/>
        <line num="19" count="47" type="stmt"/>
        <line num="23" count="47" type="cond" truecount="1" falsecount="1"/>
        <line num="24" count="47" type="stmt"/>
        <line num="28" count="4" type="stmt"/>
        <line num="29" count="4" type="stmt"/>
        <line num="31" count="0" type="stmt"/>
        <line num="39" count="47" type="stmt"/>
        <line num="40" count="47" type="stmt"/>
        <line num="41" count="47" type="stmt"/>
        <line num="42" count="47" type="cond" truecount="1" falsecount="1"/>
        <line num="43" count="0" type="stmt"/>
        <line num="48" count="47" type="stmt"/>
        <line num="53" count="47" type="stmt"/>
        <line num="56" count="0" type="stmt"/>
        <line num="57" count="0" type="stmt"/>
        <line num="58" count="0" type="stmt"/>
      </file>
    </package>
    <package name="src.domains.handlers.inputHandler">
      <metrics statements="8" coveredstatements="8" conditionals="0" coveredconditionals="0" methods="3" coveredmethods="3"/>
      <file name="inputHandler.ts" path="C:\Nodejs\LogParser\src\domains\handlers\inputHandler\inputHandler.ts">
        <metrics statements="1" coveredstatements="1" conditionals="0" coveredconditionals="0" methods="1" coveredmethods="1"/>
        <line num="6" count="5" type="stmt"/>
      </file>
      <file name="mockInputHandler.ts" path="C:\Nodejs\LogParser\src\domains\handlers\inputHandler\mockInputHandler.ts">
        <metrics statements="7" coveredstatements="7" conditionals="0" coveredconditionals="0" methods="2" coveredmethods="2"/>
        <line num="16" count="5" type="stmt"/>
        <line num="17" count="5" type="stmt"/>
        <line num="18" count="5" type="stmt"/>
        <line num="19" count="5" type="stmt"/>
        <line num="22" count="5" type="stmt"/>
        <line num="23" count="5" type="stmt"/>
        <line num="29" count="5" type="stmt"/>
      </file>
    </package>
    <package name="src.domains.handlers.logTypeHandlers">
      <metrics statements="20" coveredstatements="13" conditionals="11" coveredconditionals="4" methods="4" coveredmethods="4"/>
      <file name="jsonlogGeneratorFactory.ts" path="C:\Nodejs\LogParser\src\domains\handlers\logTypeHandlers\jsonlogGeneratorFactory.ts">
        <metrics statements="11" coveredstatements="5" conditionals="7" coveredconditionals="1" methods="2" coveredmethods="2"/>
        <line num="10" count="2" type="stmt"/>
        <line num="12" count="2" type="stmt"/>
        <line num="14" count="2" type="cond" truecount="1" falsecount="1"/>
        <line num="15" count="0" type="cond" truecount="0" falsecount="5"/>
        <line num="17" count="0" type="stmt"/>
        <line num="19" count="0" type="stmt"/>
        <line num="24" count="0" type="stmt"/>
        <line num="29" count="0" type="stmt"/>
        <line num="34" count="0" type="stmt"/>
        <line num="40" count="2" type="stmt"/>
        <line num="43" count="2" type="stmt"/>
      </file>
      <file name="logTypeHandler.ts" path="C:\Nodejs\LogParser\src\domains\handlers\logTypeHandlers\logTypeHandler.ts">
        <metrics statements="9" coveredstatements="8" conditionals="4" coveredconditionals="3" methods="2" coveredmethods="2"/>
        <line num="10" count="3" type="stmt"/>
        <line num="13" count="3" type="stmt"/>
        <line num="14" count="2" type="cond" truecount="3" falsecount="1"/>
        <line num="15" count="2" type="stmt"/>
        <line num="16" count="2" type="stmt"/>
        <line num="19" count="2" type="stmt"/>
        <line num="20" count="2" type="stmt"/>
        <line num="21" count="2" type="stmt"/>
        <line num="23" count="0" type="stmt"/>
      </file>
    </package>
    <package name="src.domains.handlers.logTypeHandlers.jsonLogGenerators">
      <metrics statements="24" coveredstatements="23" conditionals="10" coveredconditionals="9" methods="6" coveredmethods="6"/>
      <file name="josnLogGenerator.ts" path="C:\Nodejs\LogParser\src\domains\handlers\logTypeHandlers\jsonLogGenerators\josnLogGenerator.ts">
        <metrics statements="4" coveredstatements="4" conditionals="0" coveredconditionals="0" methods="2" coveredmethods="2"/>
        <line num="7" count="2" type="stmt"/>
        <line num="10" count="2" type="stmt"/>
        <line num="11" count="1" type="stmt"/>
        <line num="12" count="1" type="stmt"/>
      </file>
      <file name="jsonErrorLogGenerator.ts" path="C:\Nodejs\LogParser\src\domains\handlers\logTypeHandlers\jsonLogGenerators\jsonErrorLogGenerator.ts">
        <metrics statements="20" coveredstatements="19" conditionals="10" coveredconditionals="9" methods="4" coveredmethods="4"/>
        <line num="13" count="2" type="stmt"/>
        <line num="15" count="2" type="stmt"/>
        <line num="16" count="2" type="stmt"/>
        <line num="17" count="2" type="stmt"/>
        <line num="18" count="24" type="stmt"/>
        <line num="19" count="24" type="cond" truecount="2" falsecount="0"/>
        <line num="20" count="1" type="stmt"/>
        <line num="24" count="2" type="stmt"/>
        <line num="27" count="2" type="stmt"/>
        <line num="28" count="24" type="cond" truecount="2" falsecount="0"/>
        <line num="29" count="2" type="stmt"/>
        <line num="30" count="2" type="stmt"/>
        <line num="32" count="2" type="cond" truecount="4" falsecount="0"/>
        <line num="33" count="1" type="stmt"/>
        <line num="38" count="1" type="cond" truecount="1" falsecount="1"/>
        <line num="39" count="0" type="stmt"/>
        <line num="45" count="1" type="stmt"/>
        <line num="51" count="1" type="stmt"/>
        <line num="53" count="1" type="stmt"/>
        <line num="54" count="1" type="stmt"/>
      </file>
    </package>
    <package name="src.logger">
      <metrics statements="3" coveredstatements="3" conditionals="0" coveredconditionals="0" methods="2" coveredmethods="2"/>
      <file name="testLogger.ts" path="C:\Nodejs\LogParser\src\logger\testLogger.ts">
        <metrics statements="3" coveredstatements="3" conditionals="0" coveredconditionals="0" methods="2" coveredmethods="2"/>
        <line num="5" count="8" type="stmt"/>
        <line num="6" count="1" type="stmt"/>
        <line num="8" count="8" type="stmt"/>
      </file>
    </package>
  </project>
</coverage>
