{"C:\\Nodejs\\LogParser\\src\\enums.ts": {"path":"C:\\Nodejs\\LogParser\\src\\enums.ts","statementMap":{},"fnMap":{},"branchMap":{},"s":{},"f":{},"b":{},"_coverageSchema":"1a1c01bbd47fc00a2c39e90264f33305004495a9","hash":"97fbc755cdf1b4a1595969f67a131c9f55064fb0"}
,"C:\\Nodejs\\LogParser\\src\\exeptions.ts": {"path":"C:\\Nodejs\\LogParser\\src\\exeptions.ts","statementMap":{"0":{"start":{"line":5,"column":4},"end":{"line":5,"column":19}},"1":{"start":{"line":6,"column":4},"end":{"line":6,"column":21}},"2":{"start":{"line":7,"column":4},"end":{"line":7,"column":27}},"3":{"start":{"line":12,"column":4},"end":{"line":12,"column":25}},"4":{"start":{"line":18,"column":4},"end":{"line":18,"column":25}},"5":{"start":{"line":24,"column":4},"end":{"line":24,"column":25}},"6":{"start":{"line":30,"column":4},"end":{"line":30,"column":25}},"7":{"start":{"line":36,"column":4},"end":{"line":36,"column":25}}},"fnMap":{"0":{"name":"(anonymous_0)","decl":{"start":{"line":4,"column":2},"end":{"line":4,"column":3}},"loc":{"start":{"line":4,"column":46},"end":{"line":8,"column":3}},"line":4},"1":{"name":"(anonymous_1)","decl":{"start":{"line":11,"column":2},"end":{"line":11,"column":3}},"loc":{"start":{"line":11,"column":45},"end":{"line":13,"column":3}},"line":11},"2":{"name":"(anonymous_2)","decl":{"start":{"line":17,"column":2},"end":{"line":17,"column":3}},"loc":{"start":{"line":17,"column":46},"end":{"line":19,"column":3}},"line":17},"3":{"name":"(anonymous_3)","decl":{"start":{"line":23,"column":2},"end":{"line":23,"column":3}},"loc":{"start":{"line":23,"column":46},"end":{"line":25,"column":3}},"line":23},"4":{"name":"(anonymous_4)","decl":{"start":{"line":29,"column":2},"end":{"line":29,"column":3}},"loc":{"start":{"line":29,"column":46},"end":{"line":31,"column":3}},"line":29},"5":{"name":"(anonymous_5)","decl":{"start":{"line":35,"column":2},"end":{"line":35,"column":3}},"loc":{"start":{"line":35,"column":46},"end":{"line":37,"column":3}},"line":35}},"branchMap":{},"s":{"0":1,"1":1,"2":1,"3":1,"4":0,"5":0,"6":0,"7":0},"f":{"0":1,"1":1,"2":0,"3":0,"4":0,"5":0},"b":{},"_coverageSchema":"1a1c01bbd47fc00a2c39e90264f33305004495a9","hash":"677d377c1febfb27a6a852c17575752efc99318c"}
,"C:\\Nodejs\\LogParser\\src\\domains\\handler.ts": {"path":"C:\\Nodejs\\LogParser\\src\\domains\\handler.ts","statementMap":{"0":{"start":{"line":14,"column":4},"end":{"line":14,"column":25}},"1":{"start":{"line":18,"column":4},"end":{"line":18,"column":31}},"2":{"start":{"line":19,"column":4},"end":{"line":19,"column":19}},"3":{"start":{"line":23,"column":4},"end":{"line":27,"column":5}},"4":{"start":{"line":24,"column":6},"end":{"line":24,"column":46}},"5":{"start":{"line":26,"column":6},"end":{"line":26,"column":16}}},"fnMap":{"0":{"name":"(anonymous_0)","decl":{"start":{"line":13,"column":2},"end":{"line":13,"column":3}},"loc":{"start":{"line":13,"column":30},"end":{"line":15,"column":3}},"line":13},"1":{"name":"(anonymous_1)","decl":{"start":{"line":17,"column":2},"end":{"line":17,"column":3}},"loc":{"start":{"line":17,"column":44},"end":{"line":20,"column":3}},"line":17},"2":{"name":"(anonymous_2)","decl":{"start":{"line":22,"column":2},"end":{"line":22,"column":3}},"loc":{"start":{"line":22,"column":50},"end":{"line":28,"column":3}},"line":22}},"branchMap":{"0":{"loc":{"start":{"line":23,"column":4},"end":{"line":27,"column":5}},"type":"if","locations":[{"start":{"line":23,"column":4},"end":{"line":27,"column":5}},{"start":{"line":25,"column":11},"end":{"line":27,"column":5}}],"line":23}},"s":{"0":14,"1":6,"2":6,"3":11,"4":6,"5":5},"f":{"0":14,"1":6,"2":11},"b":{"0":[6,5]},"_coverageSchema":"1a1c01bbd47fc00a2c39e90264f33305004495a9","hash":"9e43dc467ba9b4d94124e28f414f25ec7a32f5f1"}
,"C:\\Nodejs\\LogParser\\src\\domains\\handlers\\logFormatHnadler.ts": {"path":"C:\\Nodejs\\LogParser\\src\\domains\\handlers\\logFormatHnadler.ts","statementMap":{"0":{"start":{"line":2,"column":19},"end":{"line":2,"column":41}},"1":{"start":{"line":9,"column":4},"end":{"line":9,"column":18}},"2":{"start":{"line":11,"column":18},"end":{"line":36,"column":3}},"3":{"start":{"line":12,"column":4},"end":{"line":35,"column":5}},"4":{"start":{"line":13,"column":20},"end":{"line":13,"column":63}},"5":{"start":{"line":15,"column":36},"end":{"line":15,"column":38}},"6":{"start":{"line":17,"column":23},"end":{"line":17,"column":24}},"7":{"start":{"line":18,"column":6},"end":{"line":26,"column":7}},"8":{"start":{"line":19,"column":47},"end":{"line":22,"column":9}},"9":{"start":{"line":23,"column":8},"end":{"line":25,"column":9}},"10":{"start":{"line":24,"column":10},"end":{"line":24,"column":25}},"11":{"start":{"line":28,"column":6},"end":{"line":28,"column":36}},"12":{"start":{"line":29,"column":6},"end":{"line":29,"column":35}},"13":{"start":{"line":31,"column":6},"end":{"line":34,"column":8}},"14":{"start":{"line":39,"column":20},"end":{"line":39,"column":35}},"15":{"start":{"line":40,"column":4},"end":{"line":59,"column":5}},"16":{"start":{"line":41,"column":20},"end":{"line":41,"column":40}},"17":{"start":{"line":42,"column":6},"end":{"line":54,"column":7}},"18":{"start":{"line":43,"column":8},"end":{"line":46,"column":10}},"19":{"start":{"line":48,"column":35},"end":{"line":52,"column":9}},"20":{"start":{"line":53,"column":8},"end":{"line":53,"column":19}},"21":{"start":{"line":56,"column":6},"end":{"line":56,"column":27}},"22":{"start":{"line":57,"column":6},"end":{"line":57,"column":72}},"23":{"start":{"line":58,"column":6},"end":{"line":58,"column":23}}},"fnMap":{"0":{"name":"(anonymous_0)","decl":{"start":{"line":8,"column":2},"end":{"line":8,"column":3}},"loc":{"start":{"line":8,"column":30},"end":{"line":10,"column":3}},"line":8},"1":{"name":"(anonymous_1)","decl":{"start":{"line":11,"column":18},"end":{"line":11,"column":19}},"loc":{"start":{"line":11,"column":56},"end":{"line":36,"column":3}},"line":11},"2":{"name":"(anonymous_2)","decl":{"start":{"line":38,"column":2},"end":{"line":38,"column":3}},"loc":{"start":{"line":38,"column":62},"end":{"line":60,"column":3}},"line":38}},"branchMap":{"0":{"loc":{"start":{"line":12,"column":4},"end":{"line":35,"column":5}},"type":"if","locations":[{"start":{"line":12,"column":4},"end":{"line":35,"column":5}},{"start":{"line":30,"column":11},"end":{"line":35,"column":5}}],"line":12},"1":{"loc":{"start":{"line":23,"column":8},"end":{"line":25,"column":9}},"type":"if","locations":[{"start":{"line":23,"column":8},"end":{"line":25,"column":9}},{"start":{},"end":{}}],"line":23},"2":{"loc":{"start":{"line":42,"column":6},"end":{"line":54,"column":7}},"type":"if","locations":[{"start":{"line":42,"column":6},"end":{"line":54,"column":7}},{"start":{"line":47,"column":13},"end":{"line":54,"column":7}}],"line":42}},"s":{"0":2,"1":6,"2":6,"3":4,"4":4,"5":4,"6":4,"7":4,"8":47,"9":47,"10":47,"11":4,"12":4,"13":0,"14":47,"15":47,"16":47,"17":47,"18":0,"19":47,"20":47,"21":0,"22":0,"23":0},"f":{"0":6,"1":4,"2":47},"b":{"0":[4,0],"1":[47,0],"2":[0,47]},"_coverageSchema":"1a1c01bbd47fc00a2c39e90264f33305004495a9","hash":"1c36a4688b6602ffb03cfae811c7c12010dfdc68"}
,"C:\\Nodejs\\LogParser\\src\\domains\\handlers\\inputHandler\\inputHandler.ts": {"path":"C:\\Nodejs\\LogParser\\src\\domains\\handlers\\inputHandler\\inputHandler.ts","statementMap":{"0":{"start":{"line":6,"column":4},"end":{"line":6,"column":18}}},"fnMap":{"0":{"name":"(anonymous_0)","decl":{"start":{"line":5,"column":2},"end":{"line":5,"column":3}},"loc":{"start":{"line":5,"column":30},"end":{"line":7,"column":3}},"line":5}},"branchMap":{},"s":{"0":5},"f":{"0":5},"b":{},"_coverageSchema":"1a1c01bbd47fc00a2c39e90264f33305004495a9","hash":"205604b98599d33685926705f247af28ec5f64b2"}
,"C:\\Nodejs\\LogParser\\src\\domains\\handlers\\inputHandler\\mockInputHandler.ts": {"path":"C:\\Nodejs\\LogParser\\src\\domains\\handlers\\inputHandler\\mockInputHandler.ts","statementMap":{"0":{"start":{"line":16,"column":4},"end":{"line":16,"column":18}},"1":{"start":{"line":17,"column":4},"end":{"line":17,"column":39}},"2":{"start":{"line":18,"column":4},"end":{"line":18,"column":41}},"3":{"start":{"line":19,"column":4},"end":{"line":19,"column":27}},"4":{"start":{"line":22,"column":18},"end":{"line":30,"column":3}},"5":{"start":{"line":23,"column":4},"end":{"line":27,"column":6}},"6":{"start":{"line":29,"column":4},"end":{"line":29,"column":33}}},"fnMap":{"0":{"name":"(anonymous_0)","decl":{"start":{"line":10,"column":2},"end":{"line":10,"column":3}},"loc":{"start":{"line":15,"column":4},"end":{"line":20,"column":3}},"line":15},"1":{"name":"(anonymous_1)","decl":{"start":{"line":22,"column":18},"end":{"line":22,"column":19}},"loc":{"start":{"line":22,"column":56},"end":{"line":30,"column":3}},"line":22}},"branchMap":{},"s":{"0":5,"1":5,"2":5,"3":5,"4":5,"5":5,"6":5},"f":{"0":5,"1":5},"b":{},"_coverageSchema":"1a1c01bbd47fc00a2c39e90264f33305004495a9","hash":"aadd02659815319b223ba1e7ac4a3f42bf4c547a"}
,"C:\\Nodejs\\LogParser\\src\\domains\\handlers\\logTypeHandlers\\jsonlogGeneratorFactory.ts": {"path":"C:\\Nodejs\\LogParser\\src\\domains\\handlers\\logTypeHandlers\\jsonlogGeneratorFactory.ts","statementMap":{"0":{"start":{"line":10,"column":4},"end":{"line":10,"column":25}},"1":{"start":{"line":12,"column":8},"end":{"line":44,"column":3}},"2":{"start":{"line":14,"column":4},"end":{"line":41,"column":5}},"3":{"start":{"line":15,"column":6},"end":{"line":38,"column":7}},"4":{"start":{"line":17,"column":10},"end":{"line":17,"column":58}},"5":{"start":{"line":19,"column":10},"end":{"line":22,"column":12}},"6":{"start":{"line":24,"column":10},"end":{"line":27,"column":12}},"7":{"start":{"line":29,"column":10},"end":{"line":32,"column":12}},"8":{"start":{"line":34,"column":10},"end":{"line":37,"column":12}},"9":{"start":{"line":40,"column":6},"end":{"line":40,"column":54}},"10":{"start":{"line":43,"column":4},"end":{"line":43,"column":18}}},"fnMap":{"0":{"name":"(anonymous_0)","decl":{"start":{"line":9,"column":2},"end":{"line":9,"column":3}},"loc":{"start":{"line":9,"column":30},"end":{"line":11,"column":3}},"line":9},"1":{"name":"(anonymous_1)","decl":{"start":{"line":12,"column":8},"end":{"line":12,"column":9}},"loc":{"start":{"line":12,"column":48},"end":{"line":44,"column":3}},"line":12}},"branchMap":{"0":{"loc":{"start":{"line":14,"column":4},"end":{"line":41,"column":5}},"type":"if","locations":[{"start":{"line":14,"column":4},"end":{"line":41,"column":5}},{"start":{"line":39,"column":11},"end":{"line":41,"column":5}}],"line":14},"1":{"loc":{"start":{"line":15,"column":6},"end":{"line":38,"column":7}},"type":"switch","locations":[{"start":{"line":16,"column":8},"end":{"line":17,"column":58}},{"start":{"line":18,"column":8},"end":{"line":22,"column":12}},{"start":{"line":23,"column":8},"end":{"line":27,"column":12}},{"start":{"line":28,"column":8},"end":{"line":32,"column":12}},{"start":{"line":33,"column":8},"end":{"line":37,"column":12}}],"line":15}},"s":{"0":2,"1":2,"2":2,"3":0,"4":0,"5":0,"6":0,"7":0,"8":0,"9":2,"10":2},"f":{"0":2,"1":2},"b":{"0":[0,2],"1":[0,0,0,0,0]},"_coverageSchema":"1a1c01bbd47fc00a2c39e90264f33305004495a9","hash":"39acbbeb68891e34050bb1b9ab74332bc256689a"}
,"C:\\Nodejs\\LogParser\\src\\domains\\handlers\\logTypeHandlers\\logTypeHandler.ts": {"path":"C:\\Nodejs\\LogParser\\src\\domains\\handlers\\logTypeHandlers\\logTypeHandler.ts","statementMap":{"0":{"start":{"line":10,"column":4},"end":{"line":10,"column":18}},"1":{"start":{"line":13,"column":18},"end":{"line":28,"column":3}},"2":{"start":{"line":14,"column":4},"end":{"line":27,"column":5}},"3":{"start":{"line":15,"column":29},"end":{"line":15,"column":69}},"4":{"start":{"line":16,"column":49},"end":{"line":18,"column":7}},"5":{"start":{"line":19,"column":23},"end":{"line":19,"column":68}},"6":{"start":{"line":20,"column":6},"end":{"line":20,"column":39}},"7":{"start":{"line":21,"column":6},"end":{"line":21,"column":35}},"8":{"start":{"line":23,"column":6},"end":{"line":26,"column":8}}},"fnMap":{"0":{"name":"(anonymous_0)","decl":{"start":{"line":9,"column":2},"end":{"line":9,"column":3}},"loc":{"start":{"line":9,"column":30},"end":{"line":11,"column":3}},"line":9},"1":{"name":"(anonymous_1)","decl":{"start":{"line":13,"column":18},"end":{"line":13,"column":19}},"loc":{"start":{"line":13,"column":56},"end":{"line":28,"column":3}},"line":13}},"branchMap":{"0":{"loc":{"start":{"line":14,"column":4},"end":{"line":27,"column":5}},"type":"if","locations":[{"start":{"line":14,"column":4},"end":{"line":27,"column":5}},{"start":{"line":22,"column":11},"end":{"line":27,"column":5}}],"line":14},"1":{"loc":{"start":{"line":14,"column":8},"end":{"line":14,"column":47}},"type":"binary-expr","locations":[{"start":{"line":14,"column":8},"end":{"line":14,"column":30}},{"start":{"line":14,"column":34},"end":{"line":14,"column":47}}],"line":14}},"s":{"0":3,"1":3,"2":2,"3":2,"4":2,"5":2,"6":2,"7":2,"8":0},"f":{"0":3,"1":2},"b":{"0":[2,0],"1":[2,2]},"_coverageSchema":"1a1c01bbd47fc00a2c39e90264f33305004495a9","hash":"598be9b5f8381c154c14b521712f0255c282d307"}
,"C:\\Nodejs\\LogParser\\src\\domains\\handlers\\logTypeHandlers\\jsonLogGenerators\\josnLogGenerator.ts": {"path":"C:\\Nodejs\\LogParser\\src\\domains\\handlers\\logTypeHandlers\\jsonLogGenerators\\josnLogGenerator.ts","statementMap":{"0":{"start":{"line":7,"column":4},"end":{"line":7,"column":25}},"1":{"start":{"line":10,"column":25},"end":{"line":13,"column":3}},"2":{"start":{"line":11,"column":4},"end":{"line":11,"column":25}},"3":{"start":{"line":12,"column":4},"end":{"line":12,"column":69}}},"fnMap":{"0":{"name":"(anonymous_0)","decl":{"start":{"line":6,"column":2},"end":{"line":6,"column":3}},"loc":{"start":{"line":6,"column":30},"end":{"line":8,"column":3}},"line":6},"1":{"name":"(anonymous_1)","decl":{"start":{"line":10,"column":25},"end":{"line":10,"column":26}},"loc":{"start":{"line":10,"column":57},"end":{"line":13,"column":3}},"line":10}},"branchMap":{},"s":{"0":2,"1":2,"2":1,"3":1},"f":{"0":2,"1":1},"b":{},"_coverageSchema":"1a1c01bbd47fc00a2c39e90264f33305004495a9","hash":"60f9bb5183e243e9534c78541aad20b65952f15d"}
,"C:\\Nodejs\\LogParser\\src\\domains\\handlers\\logTypeHandlers\\jsonLogGenerators\\jsonErrorLogGenerator.ts": {"path":"C:\\Nodejs\\LogParser\\src\\domains\\handlers\\logTypeHandlers\\jsonLogGenerators\\jsonErrorLogGenerator.ts","statementMap":{"0":{"start":{"line":13,"column":4},"end":{"line":13,"column":18}},"1":{"start":{"line":15,"column":8},"end":{"line":25,"column":3}},"2":{"start":{"line":16,"column":40},"end":{"line":16,"column":42}},"3":{"start":{"line":17,"column":4},"end":{"line":22,"column":7}},"4":{"start":{"line":18,"column":28},"end":{"line":18,"column":67}},"5":{"start":{"line":19,"column":6},"end":{"line":21,"column":7}},"6":{"start":{"line":20,"column":8},"end":{"line":20,"column":35}},"7":{"start":{"line":24,"column":4},"end":{"line":24,"column":34}},"8":{"start":{"line":27,"column":35},"end":{"line":57,"column":3}},"9":{"start":{"line":28,"column":4},"end":{"line":56,"column":5}},"10":{"start":{"line":29,"column":6},"end":{"line":55,"column":7}},"11":{"start":{"line":30,"column":39},"end":{"line":30,"column":62}},"12":{"start":{"line":32,"column":8},"end":{"line":37,"column":9}},"13":{"start":{"line":33,"column":10},"end":{"line":36,"column":12}},"14":{"start":{"line":38,"column":8},"end":{"line":43,"column":9}},"15":{"start":{"line":39,"column":10},"end":{"line":42,"column":12}},"16":{"start":{"line":45,"column":41},"end":{"line":50,"column":9}},"17":{"start":{"line":51,"column":8},"end":{"line":51,"column":21}},"18":{"start":{"line":53,"column":8},"end":{"line":53,"column":39}},"19":{"start":{"line":54,"column":8},"end":{"line":54,"column":25}}},"fnMap":{"0":{"name":"(anonymous_0)","decl":{"start":{"line":12,"column":2},"end":{"line":12,"column":3}},"loc":{"start":{"line":12,"column":30},"end":{"line":14,"column":3}},"line":12},"1":{"name":"(anonymous_1)","decl":{"start":{"line":15,"column":8},"end":{"line":15,"column":9}},"loc":{"start":{"line":15,"column":53},"end":{"line":25,"column":3}},"line":15},"2":{"name":"(anonymous_2)","decl":{"start":{"line":17,"column":27},"end":{"line":17,"column":28}},"loc":{"start":{"line":17,"column":43},"end":{"line":22,"column":5}},"line":17},"3":{"name":"(anonymous_3)","decl":{"start":{"line":27,"column":35},"end":{"line":27,"column":36}},"loc":{"start":{"line":27,"column":79},"end":{"line":57,"column":3}},"line":27}},"branchMap":{"0":{"loc":{"start":{"line":19,"column":6},"end":{"line":21,"column":7}},"type":"if","locations":[{"start":{"line":19,"column":6},"end":{"line":21,"column":7}},{"start":{},"end":{}}],"line":19},"1":{"loc":{"start":{"line":28,"column":4},"end":{"line":56,"column":5}},"type":"if","locations":[{"start":{"line":28,"column":4},"end":{"line":56,"column":5}},{"start":{},"end":{}}],"line":28},"2":{"loc":{"start":{"line":32,"column":8},"end":{"line":37,"column":9}},"type":"if","locations":[{"start":{"line":32,"column":8},"end":{"line":37,"column":9}},{"start":{},"end":{}}],"line":32},"3":{"loc":{"start":{"line":32,"column":12},"end":{"line":32,"column":73}},"type":"binary-expr","locations":[{"start":{"line":32,"column":12},"end":{"line":32,"column":26}},{"start":{"line":32,"column":30},"end":{"line":32,"column":73}}],"line":32},"4":{"loc":{"start":{"line":38,"column":8},"end":{"line":43,"column":9}},"type":"if","locations":[{"start":{"line":38,"column":8},"end":{"line":43,"column":9}},{"start":{},"end":{}}],"line":38}},"s":{"0":2,"1":2,"2":2,"3":2,"4":24,"5":24,"6":1,"7":2,"8":2,"9":24,"10":2,"11":2,"12":2,"13":1,"14":1,"15":0,"16":1,"17":1,"18":1,"19":1},"f":{"0":2,"1":2,"2":24,"3":24},"b":{"0":[1,23],"1":[2,22],"2":[1,1],"3":[2,2],"4":[0,1]},"_coverageSchema":"1a1c01bbd47fc00a2c39e90264f33305004495a9","hash":"dd4c7d30ad23635adb1e7338f7cf7eb0290b146b"}
,"C:\\Nodejs\\LogParser\\src\\logger\\testLogger.ts": {"path":"C:\\Nodejs\\LogParser\\src\\logger\\testLogger.ts","statementMap":{"0":{"start":{"line":5,"column":10},"end":{"line":7,"column":3}},"1":{"start":{"line":6,"column":4},"end":{"line":6,"column":33}},"2":{"start":{"line":8,"column":9},"end":{"line":8,"column":38}}},"fnMap":{"0":{"name":"(anonymous_0)","decl":{"start":{"line":5,"column":10},"end":{"line":5,"column":11}},"loc":{"start":{"line":5,"column":38},"end":{"line":7,"column":3}},"line":5},"1":{"name":"(anonymous_1)","decl":{"start":{"line":8,"column":9},"end":{"line":8,"column":10}},"loc":{"start":{"line":8,"column":36},"end":{"line":8,"column":38}},"line":8}},"branchMap":{},"s":{"0":8,"1":1,"2":8},"f":{"0":1,"1":1},"b":{},"_coverageSchema":"1a1c01bbd47fc00a2c39e90264f33305004495a9","hash":"94cfbac7ffa4f7660af9440813d1c740859cf5e4"}
}
