TN:
SF:src\enums.ts
FNF:0
FNH:0
LF:0
LH:0
BRF:0
BRH:0
end_of_record
TN:
SF:src\exeptions.ts
FN:4,(anonymous_0)
FN:11,(anonymous_1)
FN:17,(anonymous_2)
FN:23,(anonymous_3)
FN:29,(anonymous_4)
FN:35,(anonymous_5)
FNF:6
FNH:2
FNDA:1,(anonymous_0)
FNDA:1,(anonymous_1)
FNDA:0,(anonymous_2)
FNDA:0,(anonymous_3)
FNDA:0,(anonymous_4)
FNDA:0,(anonymous_5)
DA:5,1
DA:6,1
DA:7,1
DA:12,1
DA:18,0
DA:24,0
DA:30,0
DA:36,0
LF:8
LH:4
BRF:0
BRH:0
end_of_record
TN:
SF:src\domains\handler.ts
FN:13,(anonymous_0)
FN:17,(anonymous_1)
FN:22,(anonymous_2)
FNF:3
FNH:3
FNDA:14,(anonymous_0)
FNDA:6,(anonymous_1)
FNDA:11,(anonymous_2)
DA:14,14
DA:18,6
DA:19,6
DA:23,11
DA:24,6
DA:26,5
LF:6
LH:6
BRDA:23,0,0,6
BRDA:23,0,1,5
BRF:2
BRH:2
end_of_record
TN:
SF:src\domains\handlers\logFormatHnadler.ts
FN:8,(anonymous_0)
FN:11,(anonymous_1)
FN:38,(anonymous_2)
FNF:3
FNH:3
FNDA:6,(anonymous_0)
FNDA:4,(anonymous_1)
FNDA:47,(anonymous_2)
DA:2,2
DA:9,6
DA:11,6
DA:12,4
DA:13,4
DA:15,4
DA:17,4
DA:18,4
DA:19,47
DA:23,47
DA:24,47
DA:28,4
DA:29,4
DA:31,0
DA:39,47
DA:40,47
DA:41,47
DA:42,47
DA:43,0
DA:48,47
DA:53,47
DA:56,0
DA:57,0
DA:58,0
LF:24
LH:19
BRDA:12,0,0,4
BRDA:12,0,1,0
BRDA:23,1,0,47
BRDA:23,1,1,0
BRDA:42,2,0,0
BRDA:42,2,1,47
BRF:6
BRH:3
end_of_record
TN:
SF:src\domains\handlers\inputHandler\inputHandler.ts
FN:5,(anonymous_0)
FNF:1
FNH:1
FNDA:5,(anonymous_0)
DA:6,5
LF:1
LH:1
BRF:0
BRH:0
end_of_record
TN:
SF:src\domains\handlers\inputHandler\mockInputHandler.ts
FN:10,(anonymous_0)
FN:22,(anonymous_1)
FNF:2
FNH:2
FNDA:5,(anonymous_0)
FNDA:5,(anonymous_1)
DA:16,5
DA:17,5
DA:18,5
DA:19,5
DA:22,5
DA:23,5
DA:29,5
LF:7
LH:7
BRF:0
BRH:0
end_of_record
TN:
SF:src\domains\handlers\logTypeHandlers\jsonlogGeneratorFactory.ts
FN:9,(anonymous_0)
FN:12,(anonymous_1)
FNF:2
FNH:2
FNDA:2,(anonymous_0)
FNDA:2,(anonymous_1)
DA:10,2
DA:12,2
DA:14,2
DA:15,0
DA:17,0
DA:19,0
DA:24,0
DA:29,0
DA:34,0
DA:40,2
DA:43,2
LF:11
LH:5
BRDA:14,0,0,0
BRDA:14,0,1,2
BRDA:15,1,0,0
BRDA:15,1,1,0
BRDA:15,1,2,0
BRDA:15,1,3,0
BRDA:15,1,4,0
BRF:7
BRH:1
end_of_record
TN:
SF:src\domains\handlers\logTypeHandlers\logTypeHandler.ts
FN:9,(anonymous_0)
FN:13,(anonymous_1)
FNF:2
FNH:2
FNDA:3,(anonymous_0)
FNDA:2,(anonymous_1)
DA:10,3
DA:13,3
DA:14,2
DA:15,2
DA:16,2
DA:19,2
DA:20,2
DA:21,2
DA:23,0
LF:9
LH:8
BRDA:14,0,0,2
BRDA:14,0,1,0
BRDA:14,1,0,2
BRDA:14,1,1,2
BRF:4
BRH:3
end_of_record
TN:
SF:src\domains\handlers\logTypeHandlers\jsonLogGenerators\josnLogGenerator.ts
FN:6,(anonymous_0)
FN:10,(anonymous_1)
FNF:2
FNH:2
FNDA:2,(anonymous_0)
FNDA:1,(anonymous_1)
DA:7,2
DA:10,2
DA:11,1
DA:12,1
LF:4
LH:4
BRF:0
BRH:0
end_of_record
TN:
SF:src\domains\handlers\logTypeHandlers\jsonLogGenerators\jsonErrorLogGenerator.ts
FN:12,(anonymous_0)
FN:15,(anonymous_1)
FN:17,(anonymous_2)
FN:27,(anonymous_3)
FNF:4
FNH:4
FNDA:2,(anonymous_0)
FNDA:2,(anonymous_1)
FNDA:24,(anonymous_2)
FNDA:24,(anonymous_3)
DA:13,2
DA:15,2
DA:16,2
DA:17,2
DA:18,24
DA:19,24
DA:20,1
DA:24,2
DA:27,2
DA:28,24
DA:29,2
DA:30,2
DA:32,2
DA:33,1
DA:38,1
DA:39,0
DA:45,1
DA:51,1
DA:53,1
DA:54,1
LF:20
LH:19
BRDA:19,0,0,1
BRDA:19,0,1,23
BRDA:28,1,0,2
BRDA:28,1,1,22
BRDA:32,2,0,1
BRDA:32,2,1,1
BRDA:32,3,0,2
BRDA:32,3,1,2
BRDA:38,4,0,0
BRDA:38,4,1,1
BRF:10
BRH:9
end_of_record
TN:
SF:src\logger\testLogger.ts
FN:5,(anonymous_0)
FN:8,(anonymous_1)
FNF:2
FNH:2
FNDA:1,(anonymous_0)
FNDA:1,(anonymous_1)
DA:5,8
DA:6,1
DA:8,8
LF:3
LH:3
BRF:0
BRH:0
end_of_record
